<?xml version="1.0" encoding="UTF-8"?>
<testng-results ignored="0" total="2" passed="2" failed="0" skipped="0">
  <reporter-output>
  </reporter-output>
  <suite started-at="2023-02-09T10:19:47 IST" name="Default suite" finished-at="2023-02-09T10:19:47 IST" duration-ms="30">
    <groups>
    </groups>
    <test started-at="2023-02-09T10:19:47 IST" name="Default test" finished-at="2023-02-09T10:19:47 IST" duration-ms="30">
      <class name="test.day1">
        <test-method signature="Demo()[pri:0, instance:test.day1@5223e5ee]" started-at="2023-02-09T10:19:47 IST" name="Demo" finished-at="2023-02-09T10:19:47 IST" duration-ms="7" status="PASS">
          <reporter-output>
          </reporter-output>
        </test-method> <!-- Demo -->
        <test-method signature="SecondTest()[pri:0, instance:test.day1@5223e5ee]" started-at="2023-02-09T10:19:47 IST" name="SecondTest" finished-at="2023-02-09T10:19:47 IST" duration-ms="1" status="PASS">
          <reporter-output>
          </reporter-output>
        </test-method> <!-- SecondTest -->
        <test-method is-config="true" signature="lastexecution()[pri:0, instance:test.day1@5223e5ee]" started-at="2023-02-09T10:19:47 IST" name="lastexecution" finished-at="2023-02-09T10:19:47 IST" duration-ms="0" status="PASS">
          <reporter-output>
          </reporter-output>
        </test-method> <!-- lastexecution -->
        <test-method is-config="true" signature="afSyite()[pri:0, instance:test.day1@5223e5ee]" started-at="2023-02-09T10:19:47 IST" name="afSyite" finished-at="2023-02-09T10:19:47 IST" duration-ms="1" status="PASS">
          <reporter-output>
          </reporter-output>
        </test-method> <!-- afSyite -->
      </class> <!-- test.day1 -->
    </test> <!-- Default test -->
  </suite> <!-- Default suite -->
</testng-results>
