<?xml version="1.0" encoding="UTF-8"?>
<testng-results ignored="0" total="1" passed="1" failed="0" skipped="0">
  <reporter-output>
  </reporter-output>
  <suite started-at="2023-01-31T11:58:47 IST" name="Default suite" finished-at="2023-01-31T11:59:07 IST" duration-ms="20255">
    <groups>
    </groups>
    <test started-at="2023-01-31T11:58:47 IST" name="Default test" finished-at="2023-01-31T11:59:07 IST" duration-ms="20255">
      <class name="rahulshettyacademy.ExtendReports.ExtentReportDemo">
        <test-method is-config="true" signature="config()[pri:0, instance:rahulshettyacademy.ExtendReports.ExtentReportDemo@f6efaab]" started-at="2023-01-31T11:58:47 IST" name="config" finished-at="2023-01-31T11:58:47 IST" duration-ms="164" status="PASS">
          <reporter-output>
          </reporter-output>
        </test-method> <!-- config -->
        <test-method signature="initialDemo()[pri:0, instance:rahulshettyacademy.ExtendReports.ExtentReportDemo@f6efaab]" started-at="2023-01-31T11:58:47 IST" name="initialDemo" finished-at="2023-01-31T11:59:07 IST" duration-ms="20066" status="PASS">
          <reporter-output>
          </reporter-output>
        </test-method> <!-- initialDemo -->
      </class> <!-- rahulshettyacademy.ExtendReports.ExtentReportDemo -->
    </test> <!-- Default test -->
  </suite> <!-- Default suite -->
</testng-results>
